<?xml version="1.0" encoding="UTF-8"?>
<testng-results skipped="0" failed="0" ignored="0" total="2" passed="2">
  <reporter-output>
  </reporter-output>
  <suite name="Default suite" duration-ms="59" started-at="2019-07-03T07:51:19Z" finished-at="2019-07-03T07:51:19Z">
    <groups>
    </groups>
    <test name="Default test" duration-ms="59" started-at="2019-07-03T07:51:19Z" finished-at="2019-07-03T07:51:19Z">
      <class name="com.howtodoinjava.test.MyFirstTest">
        <test-method status="PASS" signature="beforeTest()[pri:0, instance:com.howtodoinjava.test.MyFirstTest@2ef5e5e3]" name="beforeTest" is-config="true" duration-ms="13" started-at="2019-07-03T07:51:19Z" finished-at="2019-07-03T07:51:19Z">
          <reporter-output>
          </reporter-output>
        </test-method> <!-- beforeTest -->
        <test-method status="PASS" signature="Login()[pri:0, instance:com.howtodoinjava.test.MyFirstTest@2ef5e5e3]" name="Login" duration-ms="7" started-at="2019-07-03T07:51:19Z" finished-at="2019-07-03T07:51:19Z">
          <reporter-output>
          </reporter-output>
        </test-method> <!-- Login -->
        <test-method status="PASS" signature="Logout()[pri:0, instance:com.howtodoinjava.test.MyFirstTest@2ef5e5e3]" name="Logout" duration-ms="3" started-at="2019-07-03T07:51:19Z" finished-at="2019-07-03T07:51:19Z">
          <reporter-output>
          </reporter-output>
        </test-method> <!-- Logout -->
        <test-method status="PASS" signature="afterTest()[pri:0, instance:com.howtodoinjava.test.MyFirstTest@2ef5e5e3]" name="afterTest" is-config="true" duration-ms="0" started-at="2019-07-03T07:51:19Z" finished-at="2019-07-03T07:51:19Z">
          <reporter-output>
          </reporter-output>
        </test-method> <!-- afterTest -->
      </class> <!-- com.howtodoinjava.test.MyFirstTest -->
    </test> <!-- Default test -->
  </suite> <!-- Default suite -->
</testng-results>
